  Agar.cpp
  Application.cpp
  Assets.cpp
  main.cpp
  Enemies.cpp
  Meal.cpp
  stdafx.cpp
Application.cpp(62): warning C4239: nonstandard extension used: 'argument': conversion from 'sf::Color' to 'sf::Color &'
  Application.cpp(62): note: A non-const reference may only be bound to an lvalue
Application.cpp(71): warning C4239: nonstandard extension used: 'argument': conversion from 'sf::Color' to 'sf::Color &'
  Application.cpp(71): note: A non-const reference may only be bound to an lvalue
Application.cpp(79): warning C4239: nonstandard extension used: 'argument': conversion from 'sf::Color' to 'sf::Color &'
  Application.cpp(79): note: A non-const reference may only be bound to an lvalue
     Creating library E:\C-learning\client\Release\AgarMultiplayer.lib and object E:\C-learning\client\Release\AgarMultiplayer.exp
LIBCMT.lib(initializers.obj) : warning LNK4098: defaultlib 'msvcrt.lib' conflicts with use of other libs; use /NODEFAULTLIB:library
  Generating code
  0 of 8163 functions ( 0.0%) were compiled, the rest were copied from previous compilation.
    0 functions were new in current compilation
    0 functions had inline decision re-evaluated but remain unchanged
  Finished generating code
sfml-main.lib(MainWin32.cpp.obj) : warning LNK4049: locally defined symbol ___p___argc imported
sfml-main.lib(MainWin32.cpp.obj) : warning LNK4049: locally defined symbol ___p___argv imported
socketio.lib(sio_socket.obj) : warning LNK4099: PDB 'bla.pdb' was not found with 'socketio.lib(sio_socket.obj)' or at 'E:\C-learning\client\Release\bla.pdb'; linking object as if no debug info
socketio.lib(sio_client.obj) : warning LNK4099: PDB 'bla.pdb' was not found with 'socketio.lib(sio_client.obj)' or at 'E:\C-learning\client\Release\bla.pdb'; linking object as if no debug info
socketio.lib(sio_packet.obj) : warning LNK4099: PDB 'bla.pdb' was not found with 'socketio.lib(sio_packet.obj)' or at 'E:\C-learning\client\Release\bla.pdb'; linking object as if no debug info
socketio.lib(sio_client_impl.obj) : warning LNK4099: PDB 'bla.pdb' was not found with 'socketio.lib(sio_client_impl.obj)' or at 'E:\C-learning\client\Release\bla.pdb'; linking object as if no debug info
  bla.vcxproj -> E:\C-learning\client\Release\AgarMultiplayer.exe
  E:\sdk\SFML\bin\x86\Release\sfml-audio-2.dll
  E:\sdk\SFML\bin\x86\Release\sfml-graphics-2.dll
  E:\sdk\SFML\bin\x86\Release\sfml-network-2.dll
  E:\sdk\SFML\bin\x86\Release\sfml-system-2.dll
  E:\sdk\SFML\bin\x86\Release\sfml-window-2.dll
  Скопировано файлов: 5.
