e:\c-learning\tasks\agar\x64\release\agar.lib
e:\c-learning\tasks\agar\x64\release\agar.exp
e:\c-learning\tasks\agar\x64\release\agar.ipdb
e:\c-learning\tasks\agar\x64\release\agar.iobj
e:\c-learning\tasks\agar\agar\x64\release\agar.pch
e:\c-learning\tasks\agar\agar\x64\release\vc141.pdb
e:\c-learning\tasks\agar\agar\x64\release\stdafx.obj
e:\c-learning\tasks\agar\agar\x64\release\game.obj
e:\c-learning\tasks\agar\agar\x64\release\agar.obj
e:\c-learning\tasks\agar\agar\x64\release\enemies.obj
e:\c-learning\tasks\agar\agar\x64\release\utils.obj
e:\c-learning\tasks\agar\agar\x64\release\main.obj
e:\c-learning\tasks\agar\agar\x64\release\meal.obj
e:\c-learning\tasks\agar\x64\release\agar.exe
e:\c-learning\tasks\agar\x64\release\agar.pdb
e:\c-learning\tasks\agar\agar\x64\release\agar.tlog\agar.write.1u.tlog
e:\c-learning\tasks\agar\agar\x64\release\agar.tlog\cl.command.1.tlog
e:\c-learning\tasks\agar\agar\x64\release\agar.tlog\cl.read.1.tlog
e:\c-learning\tasks\agar\agar\x64\release\agar.tlog\cl.write.1.tlog
e:\c-learning\tasks\agar\agar\x64\release\agar.tlog\link.command.1.tlog
e:\c-learning\tasks\agar\agar\x64\release\agar.tlog\link.read.1.tlog
e:\c-learning\tasks\agar\agar\x64\release\agar.tlog\link.write.1.tlog
