e:\c-learning\client\release\agarmultiplayer.ipdb
e:\c-learning\client\release\agarmultiplayer.iobj
e:\c-learning\client\agar\release\ratingtable.obj
e:\c-learning\client\agar\release\pausescene.obj
e:\c-learning\client\agar\release\stdafx.obj
e:\c-learning\client\agar\release\agar.obj
e:\c-learning\client\agar\release\assets.obj
e:\c-learning\client\agar\release\pausetext.obj
e:\c-learning\client\agar\release\meal.obj
e:\c-learning\client\agar\release\main.obj
e:\c-learning\client\agar\release\enemies.obj
e:\c-learning\client\agar\release\startscene.obj
e:\c-learning\client\agar\release\gamescene.obj
e:\c-learning\client\agar\release\game.obj
e:\c-learning\client\agar\release\vc141.pdb
e:\c-learning\client\release\agarmultiplayer.exe
e:\c-learning\client\release\agarmultiplayer.pdb
e:\c-learning\client\agar\release\agarmultiplayer.tlog\agarmultiplayer.write.1u.tlog
e:\c-learning\client\agar\release\agarmultiplayer.tlog\cl.command.1.tlog
e:\c-learning\client\agar\release\agarmultiplayer.tlog\cl.read.1.tlog
e:\c-learning\client\agar\release\agarmultiplayer.tlog\cl.write.1.tlog
e:\c-learning\client\agar\release\agarmultiplayer.tlog\link.command.1.tlog
e:\c-learning\client\agar\release\agarmultiplayer.tlog\link.read.1.tlog
e:\c-learning\client\agar\release\agarmultiplayer.tlog\link.write.1.tlog
