  Agar.cpp
  PauseText.cpp
  Game.cpp
  GameScene.cpp
  Assets.cpp
  main.cpp
  Enemies.cpp
  Meal.cpp
  PauseScene.cpp
  RatingTable.cpp
  StartScene.cpp
  stdafx.cpp
RatingTable.cpp(28): warning C4244: 'initializing': conversion from 'float' to 'int', possible loss of data
RatingTable.cpp(28): warning C4244: 'initializing': conversion from 'float' to 'const int', possible loss of data
RatingTable.cpp(29): warning C4146: unary minus operator applied to unsigned type, result still unsigned
RatingTable.cpp(30): warning C4244: 'argument': conversion from 'const int' to 'float', possible loss of data
  Generating code
  All 7968 functions were compiled because no usable IPDB/IOBJ from previous compilation was found.
  Finished generating code
UniversalLib.lib(Audio.obj) : warning LNK4099: PDB 'UniversalLib.pdb' was not found with 'UniversalLib.lib(Audio.obj)' or at 'E:\C-learning\client\Release\UniversalLib.pdb'; linking object as if no debug info
UniversalLib.lib(AudioPlayer.obj) : warning LNK4099: PDB 'UniversalLib.pdb' was not found with 'UniversalLib.lib(AudioPlayer.obj)' or at 'E:\C-learning\client\Release\UniversalLib.pdb'; linking object as if no debug info
UniversalLib.lib(AudioController.obj) : warning LNK4099: PDB 'UniversalLib.pdb' was not found with 'UniversalLib.lib(AudioController.obj)' or at 'E:\C-learning\client\Release\UniversalLib.pdb'; linking object as if no debug info
SocketIO.lib(sio_socket.obj) : warning LNK4099: PDB 'SocketIO.pdb' was not found with 'SocketIO.lib(sio_socket.obj)' or at 'E:\C-learning\client\Release\SocketIO.pdb'; linking object as if no debug info
SocketIO.lib(sio_client.obj) : warning LNK4099: PDB 'SocketIO.pdb' was not found with 'SocketIO.lib(sio_client.obj)' or at 'E:\C-learning\client\Release\SocketIO.pdb'; linking object as if no debug info
SocketIO.lib(sio_packet.obj) : warning LNK4099: PDB 'SocketIO.pdb' was not found with 'SocketIO.lib(sio_packet.obj)' or at 'E:\C-learning\client\Release\SocketIO.pdb'; linking object as if no debug info
SocketIO.lib(sio_client_impl.obj) : warning LNK4099: PDB 'SocketIO.pdb' was not found with 'SocketIO.lib(sio_client_impl.obj)' or at 'E:\C-learning\client\Release\SocketIO.pdb'; linking object as if no debug info
  Agar.vcxproj -> E:\C-learning\client\Release\AgarMultiplayer.exe
  E:\!sdk\SFML\bin\x86\Release\sfml-audio-2.dll
  E:\!sdk\SFML\bin\x86\Release\sfml-graphics-2.dll
  E:\!sdk\SFML\bin\x86\Release\sfml-network-2.dll
  E:\!sdk\SFML\bin\x86\Release\sfml-system-2.dll
  E:\!sdk\SFML\bin\x86\Release\sfml-window-2.dll
  Скопировано файлов: 5.
  E:\!sdk\SDL\lib\x86\SDL2.dll
  E:\!sdk\SDL\lib\x86\SDL2.lib
  E:\!sdk\SDL\lib\x86\SDL2main.lib
  E:\!sdk\SDL\lib\x86\SDL2test.lib
  Скопировано файлов: 4.
  E:\!sdk\SDL_mixer\lib\x86\libFLAC-8.dll
  E:\!sdk\SDL_mixer\lib\x86\libmodplug-1.dll
  E:\!sdk\SDL_mixer\lib\x86\libogg-0.dll
  E:\!sdk\SDL_mixer\lib\x86\libvorbis-0.dll
  E:\!sdk\SDL_mixer\lib\x86\libvorbisfile-3.dll
  E:\!sdk\SDL_mixer\lib\x86\LICENSE.FLAC.txt
  E:\!sdk\SDL_mixer\lib\x86\LICENSE.modplug.txt
  E:\!sdk\SDL_mixer\lib\x86\LICENSE.ogg-vorbis.txt
  E:\!sdk\SDL_mixer\lib\x86\LICENSE.smpeg.txt
  E:\!sdk\SDL_mixer\lib\x86\SDL2_mixer.dll
  E:\!sdk\SDL_mixer\lib\x86\SDL2_mixer.lib
  E:\!sdk\SDL_mixer\lib\x86\smpeg2.dll
  Скопировано файлов: 12.
