  Game.cpp
  GameScene.cpp
  StartScene.cpp
  main.cpp
e:\c-learning\client\agar\startscene.cpp(25): warning C4996: 'sf::Text::setColor': was declared deprecated
  e:\!sdk\sfml\include\sfml\graphics\text.hpp(177): note: see declaration of 'sf::Text::setColor'
e:\c-learning\client\agar\startscene.cpp(31): warning C4996: 'sf::Text::setColor': was declared deprecated
  e:\!sdk\sfml\include\sfml\graphics\text.hpp(177): note: see declaration of 'sf::Text::setColor'
e:\c-learning\client\agar\startscene.cpp(126): warning C4100: 'isNeedUpdate': unreferenced formal parameter
e:\c-learning\client\agar\startscene.cpp(140): warning C4100: 'isConnected': unreferenced formal parameter
e:\c-learning\client\agar\gamescene.cpp(27): warning C4100: 'assets': unreferenced formal parameter
e:\c-learning\client\agar\gamescene.cpp(122): warning C4456: declaration of 'player' hides previous local declaration
  e:\c-learning\client\agar\gamescene.cpp(118): note: see declaration of 'player'
e:\c-learning\client\agar\gamescene.cpp(179): warning C4100: 'dt': unreferenced formal parameter
  Agar.vcxproj -> E:\C-learning\client\Debug\AgarMultiplayer.exe
  Agar.vcxproj -> E:\C-learning\client\Debug\AgarMultiplayer.pdb (Partial PDB)
  E:\!sdk\SFML\bin\x86\Debug\sfml-audio-d-2.dll
  E:\!sdk\SFML\bin\x86\Debug\sfml-graphics-d-2.dll
  E:\!sdk\SFML\bin\x86\Debug\sfml-network-d-2.dll
  E:\!sdk\SFML\bin\x86\Debug\sfml-system-d-2.dll
  E:\!sdk\SFML\bin\x86\Debug\sfml-window-d-2.dll
  Скопировано файлов: 5.
  E:\!sdk\SDL\lib\x86\SDL2.dll
  E:\!sdk\SDL\lib\x86\SDL2.lib
  E:\!sdk\SDL\lib\x86\SDL2main.lib
  E:\!sdk\SDL\lib\x86\SDL2test.lib
  Скопировано файлов: 4.
  E:\!sdk\SDL_mixer\lib\x86\libFLAC-8.dll
  E:\!sdk\SDL_mixer\lib\x86\libmodplug-1.dll
  E:\!sdk\SDL_mixer\lib\x86\libogg-0.dll
  E:\!sdk\SDL_mixer\lib\x86\libvorbis-0.dll
  E:\!sdk\SDL_mixer\lib\x86\libvorbisfile-3.dll
  E:\!sdk\SDL_mixer\lib\x86\LICENSE.FLAC.txt
  E:\!sdk\SDL_mixer\lib\x86\LICENSE.modplug.txt
  E:\!sdk\SDL_mixer\lib\x86\LICENSE.ogg-vorbis.txt
  E:\!sdk\SDL_mixer\lib\x86\LICENSE.smpeg.txt
  E:\!sdk\SDL_mixer\lib\x86\SDL2_mixer.dll
  E:\!sdk\SDL_mixer\lib\x86\SDL2_mixer.lib
  E:\!sdk\SDL_mixer\lib\x86\smpeg2.dll
  Скопировано файлов: 12.
